??:??:?? **** Incremental Build of configuration Debug for project KQ130F_STM32F030_modem ****
make -j4 all 
arm-none-eabi-gcc "../lib/Src/rsa.c" -mcpu=cortex-m0 -std=gnu11 -g3 -DDEBUG -DUSE_HAL_DRIVER -DSTM32F030x8 -c -I"C:/Users/Lidoma/Desktop/plNIC/KQ130F_STM32F030_modem/lib/Inc" -I../Core/Inc -I/home/lidoma/STM32Cube/Repository/STM32Cube_FW_F0_V1.11.3/Drivers/STM32F0xx_HAL_Driver/Inc -I/home/lidoma/STM32Cube/Repository/STM32Cube_FW_F0_V1.11.3/Drivers/STM32F0xx_HAL_Driver/Inc/Legacy -I/home/lidoma/STM32Cube/Repository/STM32Cube_FW_F0_V1.11.3/Middlewares/Third_Party/FreeRTOS/Source/include -I/home/lidoma/STM32Cube/Repository/STM32Cube_FW_F0_V1.11.3/Middlewares/Third_Party/FreeRTOS/Source/CMSIS_RTOS -I/home/lidoma/STM32Cube/Repository/STM32Cube_FW_F0_V1.11.3/Middlewares/Third_Party/FreeRTOS/Source/portable/GCC/ARM_CM0 -I/home/lidoma/STM32Cube/Repository/STM32Cube_FW_F0_V1.11.3/Drivers/CMSIS/Device/ST/STM32F0xx/Include -I/home/lidoma/STM32Cube/Repository/STM32Cube_FW_F0_V1.11.3/Drivers/CMSIS/Include -I../Drivers/STM32F0xx_HAL_Driver/Inc -I../Drivers/STM32F0xx_HAL_Driver/Inc/Legacy -I../Middlewares/Third_Party/FreeRTOS/Source/include -I../Middlewares/Third_Party/FreeRTOS/Source/CMSIS_RTOS -I../Middlewares/Third_Party/FreeRTOS/Source/portable/GCC/ARM_CM0 -I../Drivers/CMSIS/Device/ST/STM32F0xx/Include -I../Drivers/CMSIS/Include -O0 -ffunction-sections -fdata-sections -Wall -fstack-usage -MMD -MP -MF"lib/Src/rsa.d" -MT"lib/Src/rsa.o" --specs=nano.specs -mfloat-abi=soft -mthumb -o "lib/Src/rsa.o"
arm-none-eabi-g++ "../Core/Src/AppMain.cpp" -mcpu=cortex-m0 -std=gnu++14 -g3 -DDEBUG -DUSE_HAL_DRIVER -DSTM32F030x8 -c -I"C:/Users/Lidoma/Desktop/plNIC/KQ130F_STM32F030_modem/lib/Inc" -I../Core/Inc -I/home/lidoma/STM32Cube/Repository/STM32Cube_FW_F0_V1.11.3/Drivers/STM32F0xx_HAL_Driver/Inc -I/home/lidoma/STM32Cube/Repository/STM32Cube_FW_F0_V1.11.3/Drivers/STM32F0xx_HAL_Driver/Inc/Legacy -I/home/lidoma/STM32Cube/Repository/STM32Cube_FW_F0_V1.11.3/Middlewares/Third_Party/FreeRTOS/Source/include -I/home/lidoma/STM32Cube/Repository/STM32Cube_FW_F0_V1.11.3/Middlewares/Third_Party/FreeRTOS/Source/CMSIS_RTOS -I/home/lidoma/STM32Cube/Repository/STM32Cube_FW_F0_V1.11.3/Middlewares/Third_Party/FreeRTOS/Source/portable/GCC/ARM_CM0 -I/home/lidoma/STM32Cube/Repository/STM32Cube_FW_F0_V1.11.3/Drivers/CMSIS/Device/ST/STM32F0xx/Include -I/home/lidoma/STM32Cube/Repository/STM32Cube_FW_F0_V1.11.3/Drivers/CMSIS/Include -I../Drivers/STM32F0xx_HAL_Driver/Inc -I../Drivers/STM32F0xx_HAL_Driver/Inc/Legacy -I../Middlewares/Third_Party/FreeRTOS/Source/include -I../Middlewares/Third_Party/FreeRTOS/Source/CMSIS_RTOS -I../Middlewares/Third_Party/FreeRTOS/Source/portable/GCC/ARM_CM0 -I../Drivers/CMSIS/Device/ST/STM32F0xx/Include -I../Drivers/CMSIS/Include -O0 -ffunction-sections -fdata-sections -fno-exceptions -fno-rtti -fno-use-cxa-atexit -Wall -fstack-usage -MMD -MP -MF"Core/Src/AppMain.d" -MT"Core/Src/AppMain.o" --specs=nano.specs -mfloat-abi=soft -mthumb -o "Core/Src/AppMain.o"
arm-none-eabi-gcc "../Core/Src/freertos.c" -mcpu=cortex-m0 -std=gnu11 -g3 -DDEBUG -DUSE_HAL_DRIVER -DSTM32F030x8 -c -I"C:/Users/Lidoma/Desktop/plNIC/KQ130F_STM32F030_modem/lib/Inc" -I../Core/Inc -I/home/lidoma/STM32Cube/Repository/STM32Cube_FW_F0_V1.11.3/Drivers/STM32F0xx_HAL_Driver/Inc -I/home/lidoma/STM32Cube/Repository/STM32Cube_FW_F0_V1.11.3/Drivers/STM32F0xx_HAL_Driver/Inc/Legacy -I/home/lidoma/STM32Cube/Repository/STM32Cube_FW_F0_V1.11.3/Middlewares/Third_Party/FreeRTOS/Source/include -I/home/lidoma/STM32Cube/Repository/STM32Cube_FW_F0_V1.11.3/Middlewares/Third_Party/FreeRTOS/Source/CMSIS_RTOS -I/home/lidoma/STM32Cube/Repository/STM32Cube_FW_F0_V1.11.3/Middlewares/Third_Party/FreeRTOS/Source/portable/GCC/ARM_CM0 -I/home/lidoma/STM32Cube/Repository/STM32Cube_FW_F0_V1.11.3/Drivers/CMSIS/Device/ST/STM32F0xx/Include -I/home/lidoma/STM32Cube/Repository/STM32Cube_FW_F0_V1.11.3/Drivers/CMSIS/Include -I../Drivers/STM32F0xx_HAL_Driver/Inc -I../Drivers/STM32F0xx_HAL_Driver/Inc/Legacy -I../Middlewares/Third_Party/FreeRTOS/Source/include -I../Middlewares/Third_Party/FreeRTOS/Source/CMSIS_RTOS -I../Middlewares/Third_Party/FreeRTOS/Source/portable/GCC/ARM_CM0 -I../Drivers/CMSIS/Device/ST/STM32F0xx/Include -I../Drivers/CMSIS/Include -O0 -ffunction-sections -fdata-sections -Wall -fstack-usage -MMD -MP -MF"Core/Src/freertos.d" -MT"Core/Src/freertos.o" --specs=nano.specs -mfloat-abi=soft -mthumb -o "Core/Src/freertos.o"
arm-none-eabi-g++ "../Core/Src/main.cpp" -mcpu=cortex-m0 -std=gnu++14 -g3 -DDEBUG -DUSE_HAL_DRIVER -DSTM32F030x8 -c -I"C:/Users/Lidoma/Desktop/plNIC/KQ130F_STM32F030_modem/lib/Inc" -I../Core/Inc -I/home/lidoma/STM32Cube/Repository/STM32Cube_FW_F0_V1.11.3/Drivers/STM32F0xx_HAL_Driver/Inc -I/home/lidoma/STM32Cube/Repository/STM32Cube_FW_F0_V1.11.3/Drivers/STM32F0xx_HAL_Driver/Inc/Legacy -I/home/lidoma/STM32Cube/Repository/STM32Cube_FW_F0_V1.11.3/Middlewares/Third_Party/FreeRTOS/Source/include -I/home/lidoma/STM32Cube/Repository/STM32Cube_FW_F0_V1.11.3/Middlewares/Third_Party/FreeRTOS/Source/CMSIS_RTOS -I/home/lidoma/STM32Cube/Repository/STM32Cube_FW_F0_V1.11.3/Middlewares/Third_Party/FreeRTOS/Source/portable/GCC/ARM_CM0 -I/home/lidoma/STM32Cube/Repository/STM32Cube_FW_F0_V1.11.3/Drivers/CMSIS/Device/ST/STM32F0xx/Include -I/home/lidoma/STM32Cube/Repository/STM32Cube_FW_F0_V1.11.3/Drivers/CMSIS/Include -I../Drivers/STM32F0xx_HAL_Driver/Inc -I../Drivers/STM32F0xx_HAL_Driver/Inc/Legacy -I../Middlewares/Third_Party/FreeRTOS/Source/include -I../Middlewares/Third_Party/FreeRTOS/Source/CMSIS_RTOS -I../Middlewares/Third_Party/FreeRTOS/Source/portable/GCC/ARM_CM0 -I../Drivers/CMSIS/Device/ST/STM32F0xx/Include -I../Drivers/CMSIS/Include -O0 -ffunction-sections -fdata-sections -fno-exceptions -fno-rtti -fno-use-cxa-atexit -Wall -fstack-usage -MMD -MP -MF"Core/Src/main.d" -MT"Core/Src/main.o" --specs=nano.specs -mfloat-abi=soft -mthumb -o "Core/Src/main.o"
In file included from ../Core/Inc/AppMain.hpp:11,
                 from ../Core/Src/AppMain.cpp:4:
C:/Users/Lidoma/Desktop/plNIC/KQ130F_STM32F030_modem/lib/Inc/PLModem.hpp:62:20: error: there are no arguments to 'BUFFER_LEN' that depend on a template parameter, so a declaration of 'BUFFER_LEN' must be available [-fpermissive]
   62 |   uint8_t _waitBuf[BUFFER_LEN(N)]; // Waiting space for tx and rx messages
      |                    ^~~~~~~~~~
C:/Users/Lidoma/Desktop/plNIC/KQ130F_STM32F030_modem/lib/Inc/PLModem.hpp:62:20: note: (if you use '-fpermissive', G++ will accept your code, but allowing the use of an undeclared name is deprecated)
In file included from ../Core/Inc/AppMain.hpp:11,
                 from ../Core/Src/main.cpp:25:
C:/Users/Lidoma/Desktop/plNIC/KQ130F_STM32F030_modem/lib/Inc/PLModem.hpp:62:20: error: there are no arguments to 'BUFFER_LEN' that depend on a template parameter, so a declaration of 'BUFFER_LEN' must be available [-fpermissive]
   62 |   uint8_t _waitBuf[BUFFER_LEN(N)]; // Waiting space for tx and rx messages
      |                    ^~~~~~~~~~
C:/Users/Lidoma/Desktop/plNIC/KQ130F_STM32F030_modem/lib/Inc/PLModem.hpp:62:20: note: (if you use '-fpermissive', G++ will accept your code, but allowing the use of an undeclared name is deprecated)
C:/Users/Lidoma/Desktop/plNIC/KQ130F_STM32F030_modem/lib/Inc/PLModem.hpp:63:21: error: 'PACKET_MAX_SIZE' was not declared in this scope
   63 |   uint8_t _rxEncBuf[PACKET_MAX_SIZE];
      |                     ^~~~~~~~~~~~~~~
C:/Users/Lidoma/Desktop/plNIC/KQ130F_STM32F030_modem/lib/Inc/PLModem.hpp:83:30: error: 'MessageHandler' has not been declared
   83 |   void _generateTXWaitingMsg(MessageHandler& msghd, const uint8_t netId, const uint8_t* dat, const uint8_t len) {
      |                              ^~~~~~~~~~~~~~
C:/Users/Lidoma/Desktop/plNIC/KQ130F_STM32F030_modem/lib/Inc/PLModem.hpp:94:40: error: 'Message' has not been declared
   94 |   bool _receivePacketRaw(uint8_t* src, Message& msg) {
      |                                        ^~~~~~~
C:/Users/Lidoma/Desktop/plNIC/KQ130F_STM32F030_modem/lib/Inc/PLModem.hpp:97:54: error: 'Message' has not been declared
   97 |   void _serializeMessage(uint8_t* dest, size_t& len, Message msg) {
      |                                                      ^~~~~~~
C:/Users/Lidoma/Desktop/plNIC/KQ130F_STM32F030_modem/lib/Inc/PLModem.hpp:105:14: error: 'MessageHandler' has not been declared
  105 |   bool _send(MessageHandler& msgh) { // This is the owner of _txEncBuf
      |              ^~~~~~~~~~~~~~
C:/Users/Lidoma/Desktop/plNIC/KQ130F_STM32F030_modem/lib/Inc/PLModem.hpp: In member function 'int PLM::PLModem<N>::_findOccupyEmptyMessage()':
C:/Users/Lidoma/Desktop/plNIC/KQ130F_STM32F030_modem/lib/Inc/PLModem.hpp:73:28: error: there are no arguments to 'NUM_MESSAGES' that depend on a template parameter, so a declaration of 'NUM_MESSAGES' must be available [-fpermissive]
   73 |    for (uint8_t i = 0; i < NUM_MESSAGES(N); i++)
      |                            ^~~~~~~~~~~~
C:/Users/Lidoma/Desktop/plNIC/KQ130F_STM32F030_modem/lib/Inc/PLModem.hpp:74:13: error: '_msgHndls' was not declared in this scope
   74 |     if (not(_msgHndls[i].isOccupied)) {
      |             ^~~~~~~~~
C:/Users/Lidoma/Desktop/plNIC/KQ130F_STM32F030_modem/lib/Inc/PLModem.hpp: In member function 'void PLM::PLModem<N>::_emptyOccupiedMessage(uint8_t)':
C:/Users/Lidoma/Desktop/plNIC/KQ130F_STM32F030_modem/lib/Inc/PLModem.hpp:81:4: error: '_msgHndls' was not declared in this scope
   81 |    _msgHndls[index].flags = 0; // now is Simpler than &= ~(MessageHandler::EMP_OCP_MASK);
      |    ^~~~~~~~~
C:/Users/Lidoma/Desktop/plNIC/KQ130F_STM32F030_modem/lib/Inc/PLModem.hpp:63:21: error: 'PACKET_MAX_SIZE' was not declared in this scope
   63 |   uint8_t _rxEncBuf[PACKET_MAX_SIZE];
      |                     ^~~~~~~~~~~~~~~
C:/Users/Lidoma/Desktop/plNIC/KQ130F_STM32F030_modem/lib/Inc/PLModem.hpp:83:30: error: 'MessageHandler' has not been declared
   83 |   void _generateTXWaitingMsg(MessageHandler& msghd, const uint8_t netId, const uint8_t* dat, const uint8_t len) {
      |                              ^~~~~~~~~~~~~~
C:/Users/Lidoma/Desktop/plNIC/KQ130F_STM32F030_modem/lib/Inc/PLModem.hpp:94:40: error: 'Message' has not been declared
   94 |   bool _receivePacketRaw(uint8_t* src, Message& msg) {
      |                                        ^~~~~~~
C:/Users/Lidoma/Desktop/plNIC/KQ130F_STM32F030_modem/lib/Inc/PLModem.hpp:97:54: error: 'Message' has not been declared
   97 |   void _serializeMessage(uint8_t* dest, size_t& len, Message msg) {
      |                                                      ^~~~~~~
C:/Users/Lidoma/Desktop/plNIC/KQ130F_STM32F030_modem/lib/Inc/PLModem.hpp:105:14: error: 'MessageHandler' has not been declared
  105 |   bool _send(MessageHandler& msgh) { // This is the owner of _txEncBuf
      |              ^~~~~~~~~~~~~~
C:/Users/Lidoma/Desktop/plNIC/KQ130F_STM32F030_modem/lib/Inc/PLModem.hpp: In member function 'int PLM::PLModem<N>::_findOccupyEmptyMessage()':
C:/Users/Lidoma/Desktop/plNIC/KQ130F_STM32F030_modem/lib/Inc/PLModem.hpp:73:28: error: there are no arguments to 'NUM_MESSAGES' that depend on a template parameter, so a declaration of 'NUM_MESSAGES' must be available [-fpermissive]
   73 |    for (uint8_t i = 0; i < NUM_MESSAGES(N); i++)
      |                            ^~~~~~~~~~~~
C:/Users/Lidoma/Desktop/plNIC/KQ130F_STM32F030_modem/lib/Inc/PLModem.hpp: In member function 'void PLM::PLModem<N>::_generateTXWaitingMsg(int&, uint8_t, const uint8_t*, uint8_t)':
C:/Users/Lidoma/Desktop/plNIC/KQ130F_STM32F030_modem/lib/Inc/PLModem.hpp:84:10: error: request for member 'TxRx' in 'msghd', which is of non-class type 'int'
   84 |    msghd.TxRx = 1;
      |          ^~~~
C:/Users/Lidoma/Desktop/plNIC/KQ130F_STM32F030_modem/lib/Inc/PLModem.hpp:85:10: error: request for member 'isOccupied' in 'msghd', which is of non-class type 'int'
   85 |    msghd.isOccupied = 1;
      |          ^~~~~~~~~~
C:/Users/Lidoma/Desktop/plNIC/KQ130F_STM32F030_modem/lib/Inc/PLModem.hpp:86:10: error: request for member 'rxTick' in 'msghd', which is of non-class type 'int'
   86 |    msghd.rxTick = UINT32_MAX;
      |          ^~~~~~
C:/Users/Lidoma/Desktop/plNIC/KQ130F_STM32F030_modem/lib/Inc/PLModem.hpp:88:4: error: 'Message' was not declared in this scope; did you mean 'osMessageQ'?
   88 |    Message& msg = msghd.msg;
      |    ^~~~~~~
      |    osMessageQ
C:/Users/Lidoma/Desktop/plNIC/KQ130F_STM32F030_modem/lib/Inc/PLModem.hpp:74:13: error: '_msgHndls' was not declared in this scope
   74 |     if (not(_msgHndls[i].isOccupied)) {
      |             ^~~~~~~~~
C:/Users/Lidoma/Desktop/plNIC/KQ130F_STM32F030_modem/lib/Inc/PLModem.hpp:88:13: error: 'msg' was not declared in this scope
   88 |    Message& msg = msghd.msg;
      |             ^~~
C:/Users/Lidoma/Desktop/plNIC/KQ130F_STM32F030_modem/lib/Inc/PLModem.hpp:88:25: error: request for member 'msg' in 'msghd', which is of non-class type 'int'
   88 |    Message& msg = msghd.msg;
      |                         ^~~
C:/Users/Lidoma/Desktop/plNIC/KQ130F_STM32F030_modem/lib/Inc/PLModem.hpp:91:17: error: 'DAT_MASK' was not declared in this scope
   91 |    msg.flags |= DAT_MASK;
      |                 ^~~~~~~~
C:/Users/Lidoma/Desktop/plNIC/KQ130F_STM32F030_modem/lib/Inc/PLModem.hpp: In member function 'void PLM::PLModem<N>::_emptyOccupiedMessage(uint8_t)':
C:/Users/Lidoma/Desktop/plNIC/KQ130F_STM32F030_modem/lib/Inc/PLModem.hpp:81:4: error: '_msgHndls' was not declared in this scope
   81 |    _msgHndls[index].flags = 0; // now is Simpler than &= ~(MessageHandler::EMP_OCP_MASK);
      |    ^~~~~~~~~
C:/Users/Lidoma/Desktop/plNIC/KQ130F_STM32F030_modem/lib/Inc/PLModem.hpp: In member function 'void PLM::PLModem<N>::_generateTXWaitingMsg(int&, uint8_t, const uint8_t*, uint8_t)':
C:/Users/Lidoma/Desktop/plNIC/KQ130F_STM32F030_modem/lib/Inc/PLModem.hpp:84:10: error: request for member 'TxRx' in 'msghd', which is of non-class type 'int'
   84 |    msghd.TxRx = 1;
      |          ^~~~
C:/Users/Lidoma/Desktop/plNIC/KQ130F_STM32F030_modem/lib/Inc/PLModem.hpp:85:10: error: request for member 'isOccupied' in 'msghd', which is of non-class type 'int'
   85 |    msghd.isOccupied = 1;
      |          ^~~~~~~~~~
C:/Users/Lidoma/Desktop/plNIC/KQ130F_STM32F030_modem/lib/Inc/PLModem.hpp:86:10: error: request for member 'rxTick' in 'msghd', which is of non-class type 'int'
   86 |    msghd.rxTick = UINT32_MAX;
      |          ^~~~~~
C:/Users/Lidoma/Desktop/plNIC/KQ130F_STM32F030_modem/lib/Inc/PLModem.hpp: In member function 'bool PLM::PLModem<N>::_send(int&)':
C:/Users/Lidoma/Desktop/plNIC/KQ130F_STM32F030_modem/lib/Inc/PLModem.hpp:108:22: error: '_txSerBuf' was not declared in this scope
  108 |    _serializeMessage(_txSerBuf, serLen, msgh.msg); // NOTE: it starts from MSGTYPE and netid and len are in plain text
      |                      ^~~~~~~~~
C:/Users/Lidoma/Desktop/plNIC/KQ130F_STM32F030_modem/lib/Inc/PLModem.hpp:108:46: error: request for member 'msg' in 'msgh', which is of non-class type 'int'
  108 |    _serializeMessage(_txSerBuf, serLen, msgh.msg); // NOTE: it starts from MSGTYPE and netid and len are in plain text
      |                                              ^~~
C:/Users/Lidoma/Desktop/plNIC/KQ130F_STM32F030_modem/lib/Inc/PLModem.hpp:88:4: error: 'Message' was not declared in this scope; did you mean 'osMessageQ'?
   88 |    Message& msg = msghd.msg;
      |    ^~~~~~~
      |    osMessageQ
C:/Users/Lidoma/Desktop/plNIC/KQ130F_STM32F030_modem/lib/Inc/PLModem.hpp:111:4: error: '_enc' was not declared in this scope
  111 |    _enc.encrypt(_txSerBuf, serLen, _txEncBuf+NETID_FEILD_LEN+MSGLEN_FEILD_LEN, encLen);
      |    ^~~~
C:/Users/Lidoma/Desktop/plNIC/KQ130F_STM32F030_modem/lib/Inc/PLModem.hpp:88:13: error: 'msg' was not declared in this scope
   88 |    Message& msg = msghd.msg;
      |             ^~~
C:/Users/Lidoma/Desktop/plNIC/KQ130F_STM32F030_modem/lib/Inc/PLModem.hpp:88:25: error: request for member 'msg' in 'msghd', which is of non-class type 'int'
   88 |    Message& msg = msghd.msg;
      |                         ^~~
C:/Users/Lidoma/Desktop/plNIC/KQ130F_STM32F030_modem/lib/Inc/PLModem.hpp:91:17: error: 'DAT_MASK' was not declared in this scope
   91 |    msg.flags |= DAT_MASK;
      |                 ^~~~~~~~
C:/Users/Lidoma/Desktop/plNIC/KQ130F_STM32F030_modem/lib/Inc/PLModem.hpp:111:36: error: '_txEncBuf' was not declared in this scope
  111 |    _enc.encrypt(_txSerBuf, serLen, _txEncBuf+NETID_FEILD_LEN+MSGLEN_FEILD_LEN, encLen);
      |                                    ^~~~~~~~~
C:/Users/Lidoma/Desktop/plNIC/KQ130F_STM32F030_modem/lib/Inc/PLModem.hpp: In member function 'bool PLM::PLModem<N>::_send(int&)':
C:/Users/Lidoma/Desktop/plNIC/KQ130F_STM32F030_modem/lib/Inc/PLModem.hpp:108:22: error: '_txSerBuf' was not declared in this scope
  108 |    _serializeMessage(_txSerBuf, serLen, msgh.msg); // NOTE: it starts from MSGTYPE and netid and len are in plain text
      |                      ^~~~~~~~~
C:/Users/Lidoma/Desktop/plNIC/KQ130F_STM32F030_modem/lib/Inc/PLModem.hpp:108:46: error: request for member 'msg' in 'msgh', which is of non-class type 'int'
  108 |    _serializeMessage(_txSerBuf, serLen, msgh.msg); // NOTE: it starts from MSGTYPE and netid and len are in plain text
      |                                              ^~~
C:/Users/Lidoma/Desktop/plNIC/KQ130F_STM32F030_modem/lib/Inc/PLModem.hpp:111:4: error: '_enc' was not declared in this scope
  111 |    _enc.encrypt(_txSerBuf, serLen, _txEncBuf+NETID_FEILD_LEN+MSGLEN_FEILD_LEN, encLen);
      |    ^~~~
C:/Users/Lidoma/Desktop/plNIC/KQ130F_STM32F030_modem/lib/Inc/PLModem.hpp:111:36: error: '_txEncBuf' was not declared in this scope
  111 |    _enc.encrypt(_txSerBuf, serLen, _txEncBuf+NETID_FEILD_LEN+MSGLEN_FEILD_LEN, encLen);
      |                                    ^~~~~~~~~
C:/Users/Lidoma/Desktop/plNIC/KQ130F_STM32F030_modem/lib/Inc/PLModem.hpp:111:46: error: 'NETID_FEILD_LEN' was not declared in this scope
  111 |    _enc.encrypt(_txSerBuf, serLen, _txEncBuf+NETID_FEILD_LEN+MSGLEN_FEILD_LEN, encLen);
      |                                              ^~~~~~~~~~~~~~~
C:/Users/Lidoma/Desktop/plNIC/KQ130F_STM32F030_modem/lib/Inc/PLModem.hpp:111:46: error: 'NETID_FEILD_LEN' was not declared in this scope
  111 |    _enc.encrypt(_txSerBuf, serLen, _txEncBuf+NETID_FEILD_LEN+MSGLEN_FEILD_LEN, encLen);
      |                                              ^~~~~~~~~~~~~~~
C:/Users/Lidoma/Desktop/plNIC/KQ130F_STM32F030_modem/lib/Inc/PLModem.hpp:111:62: error: 'MSGLEN_FEILD_LEN' was not declared in this scope
  111 |    _enc.encrypt(_txSerBuf, serLen, _txEncBuf+NETID_FEILD_LEN+MSGLEN_FEILD_LEN, encLen);
      |                                                              ^~~~~~~~~~~~~~~~
C:/Users/Lidoma/Desktop/plNIC/KQ130F_STM32F030_modem/lib/Inc/PLModem.hpp:113:39: error: request for member 'msg' in 'msgh', which is of non-class type 'int'
  113 |    memcpy(_txEncBuf, (uint8_t*)&(msgh.msg.netId), NETID_FEILD_LEN);
      |                                       ^~~
C:/Users/Lidoma/Desktop/plNIC/KQ130F_STM32F030_modem/lib/Inc/PLModem.hpp:121:9: error: request for member 'numRetries' in 'msgh', which is of non-class type 'int'
  121 |    msgh.numRetries += 1;
      |         ^~~~~~~~~~
C:/Users/Lidoma/Desktop/plNIC/KQ130F_STM32F030_modem/lib/Inc/PLModem.hpp:122:9: error: request for member 'rxTick' in 'msgh', which is of non-class type 'int'
  122 |    msgh.rxTick = osKernelSysTick();
      |         ^~~~~~
C:/Users/Lidoma/Desktop/plNIC/KQ130F_STM32F030_modem/lib/Inc/PLModem.hpp:111:62: error: 'MSGLEN_FEILD_LEN' was not declared in this scope
  111 |    _enc.encrypt(_txSerBuf, serLen, _txEncBuf+NETID_FEILD_LEN+MSGLEN_FEILD_LEN, encLen);
      |                                                              ^~~~~~~~~~~~~~~~
C:/Users/Lidoma/Desktop/plNIC/KQ130F_STM32F030_modem/lib/Inc/PLModem.hpp:113:39: error: request for member 'msg' in 'msgh', which is of non-class type 'int'
  113 |    memcpy(_txEncBuf, (uint8_t*)&(msgh.msg.netId), NETID_FEILD_LEN);
      |                                       ^~~
C:/Users/Lidoma/Desktop/plNIC/KQ130F_STM32F030_modem/lib/Inc/PLModem.hpp: In constructor 'PLM::PLModem<N>::PLModem(UART_HandleTypeDef*, UART_HandleTypeDef*, PLM::rxFunc)':
C:/Users/Lidoma/Desktop/plNIC/KQ130F_STM32F030_modem/lib/Inc/PLModem.hpp:129:25: error: class 'PLM::PLModem<N>' does not have any field named '_rxCallback'
  129 |    _isTerminate(false), _rxCallback(func), _modemCom(hu), _dbugbCom(dbg) {
      |                         ^~~~~~~~~~~
C:/Users/Lidoma/Desktop/plNIC/KQ130F_STM32F030_modem/lib/Inc/PLModem.hpp:130:28: error: there are no arguments to 'NUM_MESSAGES' that depend on a template parameter, so a declaration of 'NUM_MESSAGES' must be available [-fpermissive]
  130 |    for (uint8_t i = 0; i < NUM_MESSAGES(N); i++)
      |                            ^~~~~~~~~~~~
C:/Users/Lidoma/Desktop/plNIC/KQ130F_STM32F030_modem/lib/Inc/PLModem.hpp:121:9: error: request for member 'numRetries' in 'msgh', which is of non-class type 'int'
  121 |    msgh.numRetries += 1;
      |         ^~~~~~~~~~
C:/Users/Lidoma/Desktop/plNIC/KQ130F_STM32F030_modem/lib/Inc/PLModem.hpp:122:9: error: request for member 'rxTick' in 'msgh', which is of non-class type 'int'
  122 |    msgh.rxTick = osKernelSysTick();
      |         ^~~~~~
C:/Users/Lidoma/Desktop/plNIC/KQ130F_STM32F030_modem/lib/Inc/PLModem.hpp: In constructor 'PLM::PLModem<N>::PLModem(UART_HandleTypeDef*, UART_HandleTypeDef*, PLM::rxFunc)':
C:/Users/Lidoma/Desktop/plNIC/KQ130F_STM32F030_modem/lib/Inc/PLModem.hpp:129:25: error: class 'PLM::PLModem<N>' does not have any field named '_rxCallback'
  129 |    _isTerminate(false), _rxCallback(func), _modemCom(hu), _dbugbCom(dbg) {
      |                         ^~~~~~~~~~~
C:/Users/Lidoma/Desktop/plNIC/KQ130F_STM32F030_modem/lib/Inc/PLModem.hpp:130:28: error: there are no arguments to 'NUM_MESSAGES' that depend on a template parameter, so a declaration of 'NUM_MESSAGES' must be available [-fpermissive]
  130 |    for (uint8_t i = 0; i < NUM_MESSAGES(N); i++)
      |                            ^~~~~~~~~~~~
C:/Users/Lidoma/Desktop/plNIC/KQ130F_STM32F030_modem/lib/Inc/PLModem.hpp:131:5: error: '_msgHndls' was not declared in this scope
  131 |     _msgHndls[i].msg.datStart = PACKET_MAX_SIZE*i;
      |     ^~~~~~~~~
C:/Users/Lidoma/Desktop/plNIC/KQ130F_STM32F030_modem/lib/Inc/PLModem.hpp:131:5: error: '_msgHndls' was not declared in this scope
  131 |     _msgHndls[i].msg.datStart = PACKET_MAX_SIZE*i;
      |     ^~~~~~~~~
C:/Users/Lidoma/Desktop/plNIC/KQ130F_STM32F030_modem/lib/Inc/PLModem.hpp:131:33: error: 'PACKET_MAX_SIZE' was not declared in this scope
  131 |     _msgHndls[i].msg.datStart = PACKET_MAX_SIZE*i;
      |                                 ^~~~~~~~~~~~~~~
C:/Users/Lidoma/Desktop/plNIC/KQ130F_STM32F030_modem/lib/Inc/PLModem.hpp: In member function 'bool PLM::PLModem<N>::begin(uint8_t, Enc::Encryption, uint8_t, uint32_t)':
C:/Users/Lidoma/Desktop/plNIC/KQ130F_STM32F030_modem/lib/Inc/PLModem.hpp:140:35: error: '_rxEncBuf' was not declared in this scope
  140 |    HAL_UART_Receive_IT(_modemCom, _rxEncBuf, 1);
      |                                   ^~~~~~~~~
C:/Users/Lidoma/Desktop/plNIC/KQ130F_STM32F030_modem/lib/Inc/PLModem.hpp:131:33: error: 'PACKET_MAX_SIZE' was not declared in this scope
  131 |     _msgHndls[i].msg.datStart = PACKET_MAX_SIZE*i;
      |                                 ^~~~~~~~~~~~~~~
C:/Users/Lidoma/Desktop/plNIC/KQ130F_STM32F030_modem/lib/Inc/PLModem.hpp: In member function 'bool PLM::PLModem<N>::send(uint8_t, const uint8_t*, size_t)':
C:/Users/Lidoma/Desktop/plNIC/KQ130F_STM32F030_modem/lib/Inc/PLModem.hpp:147:14: error: 'PAYLOAD_MAX_SIZE' was not declared in this scope
  147 |    if (len > PAYLOAD_MAX_SIZE) {
      |              ^~~~~~~~~~~~~~~~
C:/Users/Lidoma/Desktop/plNIC/KQ130F_STM32F030_modem/lib/Inc/PLModem.hpp: In member function 'bool PLM::PLModem<N>::begin(uint8_t, Enc::Encryption, uint8_t, uint32_t)':
C:/Users/Lidoma/Desktop/plNIC/KQ130F_STM32F030_modem/lib/Inc/PLModem.hpp:140:35: error: '_rxEncBuf' was not declared in this scope
  140 |    HAL_UART_Receive_IT(_modemCom, _rxEncBuf, 1);
      |                                   ^~~~~~~~~
C:/Users/Lidoma/Desktop/plNIC/KQ130F_STM32F030_modem/lib/Inc/PLModem.hpp:153:26: error: '_msgHndls' was not declared in this scope
  153 |    _generateTXWaitingMsg(_msgHndls[emptyMsgIdx], netid, buf, len);
      |                          ^~~~~~~~~
C:/Users/Lidoma/Desktop/plNIC/KQ130F_STM32F030_modem/lib/Inc/PLModem.hpp: In member function 'void PLM::PLModem<N>::handle(const void*)':
C:/Users/Lidoma/Desktop/plNIC/KQ130F_STM32F030_modem/lib/Inc/PLModem.hpp:171:21: error: '_msgHndls' was not declared in this scope
  171 |     if (_timePassed(_msgHndls[currTXCheckIdx].rxTick) > _rxOutMicSec) {
      |                     ^~~~~~~~~
C:/Users/Lidoma/Desktop/plNIC/KQ130F_STM32F030_modem/lib/Inc/PLModem.hpp:171:9: error: there are no arguments to '_timePassed' that depend on a template parameter, so a declaration of '_timePassed' must be available [-fpermissive]
  171 |     if (_timePassed(_msgHndls[currTXCheckIdx].rxTick) > _rxOutMicSec) {
      |         ^~~~~~~~~~~
C:/Users/Lidoma/Desktop/plNIC/KQ130F_STM32F030_modem/lib/Inc/PLModem.hpp: In member function 'bool PLM::PLModem<N>::send(uint8_t, const uint8_t*, size_t)':
C:/Users/Lidoma/Desktop/plNIC/KQ130F_STM32F030_modem/lib/Inc/PLModem.hpp:147:14: error: 'PAYLOAD_MAX_SIZE' was not declared in this scope
  147 |    if (len > PAYLOAD_MAX_SIZE) {
      |              ^~~~~~~~~~~~~~~~
C:/Users/Lidoma/Desktop/plNIC/KQ130F_STM32F030_modem/lib/Inc/PLModem.hpp:153:26: error: '_msgHndls' was not declared in this scope
  153 |    _generateTXWaitingMsg(_msgHndls[emptyMsgIdx], netid, buf, len);
      |                          ^~~~~~~~~
C:/Users/Lidoma/Desktop/plNIC/KQ130F_STM32F030_modem/lib/Inc/PLModem.hpp:171:57: error: '_rxOutMicSec' was not declared in this scope
  171 |     if (_timePassed(_msgHndls[currTXCheckIdx].rxTick) > _rxOutMicSec) {
      |                                                         ^~~~~~~~~~~~
C:/Users/Lidoma/Desktop/plNIC/KQ130F_STM32F030_modem/lib/Inc/PLModem.hpp: In member function 'void PLM::PLModem<N>::handle(const void*)':
C:/Users/Lidoma/Desktop/plNIC/KQ130F_STM32F030_modem/lib/Inc/PLModem.hpp:171:21: error: '_msgHndls' was not declared in this scope
  171 |     if (_timePassed(_msgHndls[currTXCheckIdx].rxTick) > _rxOutMicSec) {
      |                     ^~~~~~~~~
C:/Users/Lidoma/Desktop/plNIC/KQ130F_STM32F030_modem/lib/Inc/PLModem.hpp:172:49: error: '_maxRetries' was not declared in this scope
  172 |      if (_msgHndls[currTXCheckIdx].numRetries > _maxRetries) {
      |                                                 ^~~~~~~~~~~
C:/Users/Lidoma/Desktop/plNIC/KQ130F_STM32F030_modem/lib/Inc/PLModem.hpp:182:29: error: there are no arguments to 'NUM_MESSAGES' that depend on a template parameter, so a declaration of 'NUM_MESSAGES' must be available [-fpermissive]
  182 |     for (uint8_t i = 0; i < NUM_MESSAGES(N); i++) {
      |                             ^~~~~~~~~~~~
C:/Users/Lidoma/Desktop/plNIC/KQ130F_STM32F030_modem/lib/Inc/PLModem.hpp:171:9: error: there are no arguments to '_timePassed' that depend on a template parameter, so a declaration of '_timePassed' must be available [-fpermissive]
  171 |     if (_timePassed(_msgHndls[currTXCheckIdx].rxTick) > _rxOutMicSec) {
      |         ^~~~~~~~~~~
C:/Users/Lidoma/Desktop/plNIC/KQ130F_STM32F030_modem/lib/Inc/PLModem.hpp:183:14: error: '_msgHndls' was not declared in this scope
  183 |      if (not _msgHndls[i].isOccupied)
      |              ^~~~~~~~~
C:/Users/Lidoma/Desktop/plNIC/KQ130F_STM32F030_modem/lib/Inc/PLModem.hpp:186:51: error: '_msgHndls' was not declared in this scope
  186 |      if (lastTxAckReceived & currTXCheckIdx > i & _msgHndls[i].TxRx) { // Valid TX packet
      |                                                   ^~~~~~~~~
C:/Users/Lidoma/Desktop/plNIC/KQ130F_STM32F030_modem/lib/Inc/PLModem.hpp:189:32: error: expected primary-expression before ')' token
  189 |       if (currTXCheckIdx = i & ) {
      |                                ^
C:/Users/Lidoma/Desktop/plNIC/KQ130F_STM32F030_modem/lib/Inc/PLModem.hpp:196:24: error: expected ';' before '}' token
  196 |       lastTxAckReceived
      |                        ^
      |                        ;
  197 |      }
      |      ~                  
C:/Users/Lidoma/Desktop/plNIC/KQ130F_STM32F030_modem/lib/Inc/PLModem.hpp:171:57: error: '_rxOutMicSec' was not declared in this scope
  171 |     if (_timePassed(_msgHndls[currTXCheckIdx].rxTick) > _rxOutMicSec) {
      |                                                         ^~~~~~~~~~~~
C:/Users/Lidoma/Desktop/plNIC/KQ130F_STM32F030_modem/lib/Inc/PLModem.hpp: In instantiation of 'class PLM::PLModem<1024>':
../Core/Src/AppMain.cpp:20:26:   required from here
C:/Users/Lidoma/Desktop/plNIC/KQ130F_STM32F030_modem/lib/Inc/PLModem.hpp:62:30: error: 'BUFFER_LEN' was not declared in this scope
   62 |   uint8_t _waitBuf[BUFFER_LEN(N)]; // Waiting space for tx and rx messages
      |                    ~~~~~~~~~~^~~
C:/Users/Lidoma/Desktop/plNIC/KQ130F_STM32F030_modem/lib/Inc/PLModem.hpp:172:49: error: '_maxRetries' was not declared in this scope
  172 |      if (_msgHndls[currTXCheckIdx].numRetries > _maxRetries) {
      |                                                 ^~~~~~~~~~~
C:/Users/Lidoma/Desktop/plNIC/KQ130F_STM32F030_modem/lib/Inc/PLModem.hpp:182:29: error: there are no arguments to 'NUM_MESSAGES' that depend on a template parameter, so a declaration of 'NUM_MESSAGES' must be available [-fpermissive]
  182 |     for (uint8_t i = 0; i < NUM_MESSAGES(N); i++) {
      |                             ^~~~~~~~~~~~
C:/Users/Lidoma/Desktop/plNIC/KQ130F_STM32F030_modem/lib/Inc/PLModem.hpp:183:14: error: '_msgHndls' was not declared in this scope
  183 |      if (not _msgHndls[i].isOccupied)
      |              ^~~~~~~~~
C:/Users/Lidoma/Desktop/plNIC/KQ130F_STM32F030_modem/lib/Inc/PLModem.hpp: In instantiation of 'PLM::PLModem<N>::PLModem(UART_HandleTypeDef*, UART_HandleTypeDef*, PLM::rxFunc) [with unsigned int N = 1024; UART_HandleTypeDef = __UART_HandleTypeDef; PLM::rxFunc = std::function<void(unsigned char*, unsigned char)>]':
../Core/Src/AppMain.cpp:21:64:   required from here
C:/Users/Lidoma/Desktop/plNIC/KQ130F_STM32F030_modem/lib/Inc/PLModem.hpp:130:40: error: 'NUM_MESSAGES' was not declared in this scope
  130 |    for (uint8_t i = 0; i < NUM_MESSAGES(N); i++)
      |                            ~~~~~~~~~~~~^~~
C:/Users/Lidoma/Desktop/plNIC/KQ130F_STM32F030_modem/lib/Inc/PLModem.hpp:186:51: error: '_msgHndls' was not declared in this scope
  186 |      if (lastTxAckReceived & currTXCheckIdx > i & _msgHndls[i].TxRx) { // Valid TX packet
      |                                                   ^~~~~~~~~
C:/Users/Lidoma/Desktop/plNIC/KQ130F_STM32F030_modem/lib/Inc/PLModem.hpp:189:32: error: expected primary-expression before ')' token
  189 |       if (currTXCheckIdx = i & ) {
      |                                ^
C:/Users/Lidoma/Desktop/plNIC/KQ130F_STM32F030_modem/lib/Inc/PLModem.hpp:196:24: error: expected ';' before '}' token
  196 |       lastTxAckReceived
      |                        ^
      |                        ;
  197 |      }
      |      ~                  
In file included from ../Core/Src/main.cpp:21:
../Core/Src/main.cpp: In function 'int main()':
../Core/Src/main.cpp:152:120: warning: ISO C++ forbids converting a string constant to 'char*' [-Wwrite-strings]
  152 |   osThreadStaticDef(defaultTask, StartDefaultTask, osPriorityNormal, 0, 64, defaultTaskBuffer, &defaultTaskControlBlock);
      |                                                                                                                        ^
../Middlewares/Third_Party/FreeRTOS/Source/CMSIS_RTOS/cmsis_os.h:420:4: note: in definition of macro 'osThreadStaticDef'
  420 | { #name, (thread), (priority), (instances), (stacksz), (buffer), (control) }
      |    ^~~~
../Core/Src/main.cpp:156:142: warning: ISO C++ forbids converting a string constant to 'char*' [-Wwrite-strings]
  156 |   osThreadStaticDef(plNICHandleTask, StartplNICHandleTask, osPriorityAboveNormal, 0, 256, plNICHandleTaskBuffer, &plNICHandleTaskControlBlock);
      |                                                                                                                                              ^
../Middlewares/Third_Party/FreeRTOS/Source/CMSIS_RTOS/cmsis_os.h:420:4: note: in definition of macro 'osThreadStaticDef'
  420 | { #name, (thread), (priority), (instances), (stacksz), (buffer), (control) }
      |    ^~~~
../Core/Src/main.cpp:160:123: warning: ISO C++ forbids converting a string constant to 'char*' [-Wwrite-strings]
  160 |   osThreadStaticDef(testCaseTask, StartTestCaseTask, osPriorityIdle, 0, 256, testCaseTaskBuffer, &testCaseTaskControlBlock);
      |                                                                                                                           ^
../Middlewares/Third_Party/FreeRTOS/Source/CMSIS_RTOS/cmsis_os.h:420:4: note: in definition of macro 'osThreadStaticDef'
  420 | { #name, (thread), (priority), (instances), (stacksz), (buffer), (control) }
      |    ^~~~
C:/Users/Lidoma/Desktop/plNIC/KQ130F_STM32F030_modem/lib/Inc/PLModem.hpp: In instantiation of 'void PLM::PLModem<N>::handle(const void*) [with unsigned int N = 1024]':
../Core/Src/AppMain.cpp:34:22:   required from here
C:/Users/Lidoma/Desktop/plNIC/KQ130F_STM32F030_modem/lib/Inc/PLModem.hpp:171:53: error: '_timePassed' was not declared in this scope
  171 |     if (_timePassed(_msgHndls[currTXCheckIdx].rxTick) > _rxOutMicSec) {
      |                                                     ^
C:/Users/Lidoma/Desktop/plNIC/KQ130F_STM32F030_modem/lib/Inc/PLModem.hpp:182:41: error: 'NUM_MESSAGES' was not declared in this scope
  182 |     for (uint8_t i = 0; i < NUM_MESSAGES(N); i++) {
      |                             ~~~~~~~~~~~~^~~
C:/Users/Lidoma/Desktop/plNIC/KQ130F_STM32F030_modem/lib/Inc/PLModem.hpp:196:7: warning: statement has no effect [-Wunused-value]
  196 |       lastTxAckReceived
      |       ^~~~~~~~~~~~~~~~~
C:/Users/Lidoma/Desktop/plNIC/KQ130F_STM32F030_modem/lib/Inc/PLModem.hpp:208:37: error: using invalid field 'PLM::PLModem<N>::_waitBuf'
  208 |     if (HAL_UART_Receive(_modemCom, _waitBuf, 5, 200) == HAL_StatusTypeDef::HAL_OK)
      |                                     ^~~~~~~~
C:/Users/Lidoma/Desktop/plNIC/KQ130F_STM32F030_modem/lib/Inc/PLModem.hpp:209:12: error: 'class PLM::PLModem<1024>' has no member named '_rxCallback'
  209 |      this->_rxCallback(_waitBuf, 5);
      |      ~~~~~~^~~~~~~~~~~
C:/Users/Lidoma/Desktop/plNIC/KQ130F_STM32F030_modem/lib/Inc/PLModem.hpp:209:24: error: using invalid field 'PLM::PLModem<N>::_waitBuf'
  209 |      this->_rxCallback(_waitBuf, 5);
      |                        ^~~~~~~~
C:/Users/Lidoma/Desktop/plNIC/KQ130F_STM32F030_modem/lib/Inc/PLModem.hpp:210:34: error: using invalid field 'PLM::PLModem<N>::_waitBuf'
  210 |     HAL_UART_Transmit(_dbugbCom, _waitBuf, 5, 200);
      |                                  ^~~~~~~~
C:/Users/Lidoma/Desktop/plNIC/KQ130F_STM32F030_modem/lib/Inc/PLModem.hpp: In instantiation of 'bool PLM::PLModem<N>::begin(uint8_t, Enc::Encryption, uint8_t, uint32_t) [with unsigned int N = 1024; uint8_t = unsigned char; uint32_t = long unsigned int]':
../Core/Src/AppMain.cpp:53:39:   required from here
C:/Users/Lidoma/Desktop/plNIC/KQ130F_STM32F030_modem/lib/Inc/PLModem.hpp:136:10: error: 'class PLM::PLModem<1024>' has no member named '_maxRetries'
  136 |    this->_maxRetries = maxRetries;
      |    ~~~~~~^~~~~~~~~~~
C:/Users/Lidoma/Desktop/plNIC/KQ130F_STM32F030_modem/lib/Inc/PLModem.hpp:137:10: error: 'class PLM::PLModem<1024>' has no member named '_rxOutMicSec'
  137 |    this->_rxOutMicSec = rxOut;
      |    ~~~~~~^~~~~~~~~~~~
C:/Users/Lidoma/Desktop/plNIC/KQ130F_STM32F030_modem/lib/Inc/PLModem.hpp:138:10: error: 'class PLM::PLModem<1024>' has no member named '_enc'
  138 |    this->_enc = encMethod;
      |    ~~~~~~^~~~
make: *** [Core/Src/subdir.mk:47: Core/Src/main.o] Error 1
make: *** Waiting for unfinished jobs....
C:/Users/Lidoma/Desktop/plNIC/KQ130F_STM32F030_modem/lib/Inc/PLModem.hpp: In instantiation of 'int PLM::PLModem<N>::_findOccupyEmptyMessage() [with unsigned int N = 1024]':
C:/Users/Lidoma/Desktop/plNIC/KQ130F_STM32F030_modem/lib/Inc/PLModem.hpp:150:22:   required from 'bool PLM::PLModem<N>::send(uint8_t, const uint8_t*, size_t) [with unsigned int N = 1024; uint8_t = unsigned char; size_t = unsigned int]'
../Core/Src/AppMain.cpp:57:70:   required from here
C:/Users/Lidoma/Desktop/plNIC/KQ130F_STM32F030_modem/lib/Inc/PLModem.hpp:73:40: error: 'NUM_MESSAGES' was not declared in this scope
   73 |    for (uint8_t i = 0; i < NUM_MESSAGES(N); i++)
      |                            ~~~~~~~~~~~~^~~
C:/Users/Lidoma/Desktop/plNIC/KQ130F_STM32F030_modem/lib/Inc/PLModem.hpp: In instantiation of 'void PLM::PLModem<N>::_generateTXWaitingMsg(int&, uint8_t, const uint8_t*, uint8_t) [with unsigned int N = 1024; uint8_t = unsigned char]':
C:/Users/Lidoma/Desktop/plNIC/KQ130F_STM32F030_modem/lib/Inc/PLModem.hpp:153:4:   required from 'bool PLM::PLModem<N>::send(uint8_t, const uint8_t*, size_t) [with unsigned int N = 1024; uint8_t = unsigned char; size_t = unsigned int]'
../Core/Src/AppMain.cpp:57:70:   required from here
C:/Users/Lidoma/Desktop/plNIC/KQ130F_STM32F030_modem/lib/Inc/PLModem.hpp:92:11: error: using invalid field 'PLM::PLModem<N>::_waitBuf'
   92 |    memcpy(_waitBuf+(msg.datStart), dat, len);
      |           ^~~~~~~~
make: *** [Core/Src/subdir.mk:47: Core/Src/AppMain.o] Error 1
"make -j4 all" terminated with exit code 2. Build might be incomplete.

??:??:?? Build Failed. 98 errors, 4 warnings. (took 3s.388ms)

